<?xml version="1.0" encoding="UTF-8"?>
<!-- Generated by org.testng.reporters.JUnitXMLReporter -->
<testsuite ignored="0" hostname="marcelos-Air.lan1" failures="0" tests="7" name="Default test" time="0.153" errors="0" timestamp="2020-07-19T14:14:02 CDT">
  <testcase classname="test.TaxCalculatorTests" name="testCalculateTaxRate_Imported" time="0.028"/>
  <testcase classname="test.TaxCalculatorTests" name="testCalculateTaxRate_NotSalesAndNotImported" time="0.003"/>
  <testcase classname="test.TaxCalculatorTests" name="testCalculateTaxRate_Sales" time="0.001"/>
  <testcase classname="test.TaxCalculatorTests" name="testCalculateTaxRate_SalesAndImported" time="0.001"/>
  <testcase classname="test.TaxCalculatorTests" name="testCalculateTax_import" time="0.045"/>
  <testcase classname="test.TaxCalculatorTests" name="testCalculateTax_sales" time="0.006"/>
  <testcase classname="test.TaxCalculatorTests" name="testCalculateTax_salesAndimport" time="0.003"/>
</testsuite> <!-- Default test -->
