<?xml version="1.0" encoding="UTF-8"?>
<!-- Generated by org.testng.reporters.JUnitXMLReporter -->
<testsuite ignored="0" hostname="marcelos-MacBook-Air.local" failures="0" tests="2" name="Default test" time="0.12" errors="0" timestamp="2020-07-19T17:05:30 CDT">
  <testcase classname="test.CalculateTotalOrderTest" name="testCalculateMultipleItemsTaxTotal" time="0.063"/>
  <testcase classname="test.CalculateTotalOrderTest" name="testCalculateMultipleItemsTotalPrice" time="0.004"/>
</testsuite> <!-- Default test -->
