<?xml version="1.0" encoding="UTF-8"?>
<testng-results ignored="0" total="1" passed="1" failed="0" skipped="0">
  <reporter-output>
  </reporter-output>
  <suite started-at="2020-07-19T13:07:04 CDT" name="Default suite" finished-at="2020-07-19T13:07:04 CDT" duration-ms="69">
    <groups>
    </groups>
    <test started-at="2020-07-19T13:07:04 CDT" name="Default test" finished-at="2020-07-19T13:07:04 CDT" duration-ms="69">
      <class name="test.TaxCalculatorTests">
        <test-method signature="testCalculateTaxRate_Sales()[pri:0, instance:test.TaxCalculatorTests@71e9ddb4]" started-at="2020-07-19T13:07:04 CDT" name="testCalculateTaxRate_Sales" finished-at="2020-07-19T13:07:04 CDT" duration-ms="16" status="PASS">
          <reporter-output>
          </reporter-output>
        </test-method> <!-- testCalculateTaxRate_Sales -->
      </class> <!-- test.TaxCalculatorTests -->
    </test> <!-- Default test -->
  </suite> <!-- Default suite -->
</testng-results>
